<?xml version="1.0" encoding="UTF-8"?>
<testsuite xmlns:xsi="http://www.w3.org/2001/XMLSchema-instance" xsi:noNamespaceSchemaLocation="https://maven.apache.org/surefire/maven-surefire-plugin/xsd/surefire-test-report-3.0.xsd" version="3.0" name="com.example.loginauthapi.LoginAuthApiApplicationTests" time="2.766" tests="1" errors="0" skipped="0" failures="0">
  <properties>
[...]
</properties>
  <testcase name="contextLoads" classname="com.example.loginauthapi.LoginAuthApiApplicationTests" time="0.35">
    <system-out><![CDATA[21:55:22.045 [main] INFO org.springframework.test.context.support.AnnotationConfigContextLoaderUtils -- Could not detect default configuration classes for test class [com.example.loginauthapi.LoginAuthApiApplicationTests]: LoginAuthApiApplicationTests does not declare any static, non-private, non-final, nested classes annotated with @Configuration.
21:55:22.093 [main] INFO org.springframework.boot.test.context.SpringBootTestContextBootstrapper -- Found @SpringBootConfiguration com.example.loginauthapi.LoginAuthApiApplication for test class com.example.loginauthapi.LoginAuthApiApplicationTests
21:55:22.167 [main] INFO org.springframework.boot.devtools.restart.RestartApplicationListener -- Restart disabled due to context in which it is running

  .   ____          _            __ _ _
 /\\ / ___'_ __ _ _(_)_ __  __ _ \ \ \ \
( ( )\___ | '_ | '_| | '_ \/ _` | \ \ \ \
 \\/  ___)| |_)| | | | | || (_| |  ) ) ) )
  '  |____| .__|_| |_|_| |_\__, | / / / /
 =========|_|==============|___/=/_/_/_/
 :: Spring Boot ::                (v3.2.5)

2024-06-10T21:55:22.297-03:00  INFO 41634 --- [login-auth-api] [           main] c.e.l.LoginAuthApiApplicationTests       : Starting LoginAuthApiApplicationTests using Java 21.0.1 with PID 41634 (started by marcos in /home/marcos/IdeaProjects/angular_spring/backend/loginapi)
2024-06-10T21:55:22.298-03:00  INFO 41634 --- [login-auth-api] [           main] c.e.l.LoginAuthApiApplicationTests       : No active profile set, falling back to 1 default profile: "default"
2024-06-10T21:55:22.633-03:00  INFO 41634 --- [login-auth-api] [           main] .s.d.r.c.RepositoryConfigurationDelegate : Bootstrapping Spring Data JPA repositories in DEFAULT mode.
2024-06-10T21:55:22.669-03:00  INFO 41634 --- [login-auth-api] [           main] .s.d.r.c.RepositoryConfigurationDelegate : Finished Spring Data repository scanning in 32 ms. Found 5 JPA repository interfaces.
2024-06-10T21:55:22.931-03:00  INFO 41634 --- [login-auth-api] [           main] com.zaxxer.hikari.HikariDataSource       : HikariPool-1 - Starting...
2024-06-10T21:55:23.029-03:00  INFO 41634 --- [login-auth-api] [           main] com.zaxxer.hikari.pool.HikariPool        : HikariPool-1 - Added connection conn0: url=jdbc:h2:mem:testdb user=SA
2024-06-10T21:55:23.030-03:00  INFO 41634 --- [login-auth-api] [           main] com.zaxxer.hikari.HikariDataSource       : HikariPool-1 - Start completed.
2024-06-10T21:55:23.058-03:00  INFO 41634 --- [login-auth-api] [           main] o.hibernate.jpa.internal.util.LogHelper  : HHH000204: Processing PersistenceUnitInfo [name: default]
2024-06-10T21:55:23.096-03:00  INFO 41634 --- [login-auth-api] [           main] org.hibernate.Version                    : HHH000412: Hibernate ORM core version 6.4.4.Final
2024-06-10T21:55:23.111-03:00  INFO 41634 --- [login-auth-api] [           main] o.h.c.internal.RegionFactoryInitiator    : HHH000026: Second-level cache disabled
2024-06-10T21:55:23.221-03:00  INFO 41634 --- [login-auth-api] [           main] o.s.o.j.p.SpringPersistenceUnitInfo      : No LoadTimeWeaver setup: ignoring JPA class transformer
2024-06-10T21:55:23.244-03:00  WARN 41634 --- [login-auth-api] [           main] org.hibernate.orm.deprecation            : HHH90000025: H2Dialect does not need to be specified explicitly using 'hibernate.dialect' (remove the property setting and it will be selected by default)
2024-06-10T21:55:23.669-03:00  INFO 41634 --- [login-auth-api] [           main] o.h.e.t.j.p.i.JtaPlatformInitiator       : HHH000489: No JTA platform available (set 'hibernate.transaction.jta.platform' to enable JTA platform integration)
2024-06-10T21:55:23.690-03:00  INFO 41634 --- [login-auth-api] [           main] j.LocalContainerEntityManagerFactoryBean : Initialized JPA EntityManagerFactory for persistence unit 'default'
2024-06-10T21:55:23.775-03:00  WARN 41634 --- [login-auth-api] [           main] o.s.c.annotation.AnnotationTypeMapping   : Support for convention-based annotation attribute overrides is deprecated and will be removed in Spring Framework 6.2. Please annotate the following attributes in @org.hibernate.validator.constraints.Email with appropriate @AliasFor declarations: [regexp, payload, flags, groups, message]
2024-06-10T21:55:23.861-03:00  WARN 41634 --- [login-auth-api] [           main] o.s.c.annotation.AnnotationTypeMapping   : Support for convention-based annotation attribute overrides is deprecated and will be removed in Spring Framework 6.2. Please annotate the following attributes in @org.hibernate.validator.constraints.NotBlank with appropriate @AliasFor declarations: [payload, groups, message]
2024-06-10T21:55:23.941-03:00  WARN 41634 --- [login-auth-api] [           main] JpaBaseConfiguration$JpaWebConfiguration : spring.jpa.open-in-view is enabled by default. Therefore, database queries may be performed during view rendering. Explicitly configure spring.jpa.open-in-view to disable this warning
2024-06-10T21:55:24.190-03:00  INFO 41634 --- [login-auth-api] [           main] o.s.s.web.DefaultSecurityFilterChain     : Will secure any request with [org.springframework.security.web.session.DisableEncodeUrlFilter@31885b4b, org.springframework.security.web.context.request.async.WebAsyncManagerIntegrationFilter@638e8194, org.springframework.security.web.context.SecurityContextHolderFilter@13f17b8f, org.springframework.security.web.header.HeaderWriterFilter@401d83ce, org.springframework.web.filter.CorsFilter@43c64d6f, org.springframework.security.web.authentication.logout.LogoutFilter@3bdc8975, com.example.loginauthapi.Infra.Security.SecurityFilter@17c72ffa, org.springframework.security.web.savedrequest.RequestCacheAwareFilter@11a29c0, org.springframework.security.web.servletapi.SecurityContextHolderAwareRequestFilter@1fc4b8d6, org.springframework.security.web.authentication.AnonymousAuthenticationFilter@6b247ef6, org.springframework.security.web.session.SessionManagementFilter@3013e1e8, org.springframework.security.web.access.ExceptionTranslationFilter@5466a819, org.springframework.security.web.access.intercept.AuthorizationFilter@4f93a8f6]
2024-06-10T21:55:24.362-03:00  INFO 41634 --- [login-auth-api] [           main] c.e.l.LoginAuthApiApplicationTests       : Started LoginAuthApiApplicationTests in 2.201 seconds (process running for 2.721)
]]></system-out>
    <system-err><![CDATA[WARNING: A Java agent has been loaded dynamically (/home/marcos/.m2/repository/net/bytebuddy/byte-buddy-agent/1.14.13/byte-buddy-agent-1.14.13.jar)
WARNING: If a serviceability tool is in use, please run with -XX:+EnableDynamicAgentLoading to hide this warning
WARNING: If a serviceability tool is not in use, please run with -Djdk.instrument.traceUsage for more information
WARNING: Dynamic loading of agents will be disallowed by default in a future release
]]></system-err>
  </testcase>
</testsuite>